<?xml version="1.0" encoding="UTF-8"?>
<!-- Generated by org.testng.reporters.JUnitReportReporter -->
<testsuite hostname="Shivu" failures="0" tests="1" name="samplepractice.AdvanceJava" time="0.030" errors="0" timestamp="2023-01-18T19:56:06 IST" skipped="0">
  <testcase classname="samplepractice.AdvanceJava" name="practiceTest" time="0.030"/>
  <system-out/>
</testsuite> <!-- samplepractice.AdvanceJava -->
