<?xml version="1.0" encoding="UTF-8"?>
<!-- Generated by org.testng.reporters.JUnitReportReporter -->
<testsuite hostname="Shivu" failures="0" tests="1" name="demo.CreateOrgTest" time="0.031" errors="0" timestamp="2023-01-18T09:57:55 IST" skipped="0">
  <testcase classname="demo.CreateOrgTest" name="demoTest1" time="0.031"/>
  <system-out/>
</testsuite> <!-- demo.CreateOrgTest -->
