<?xml version="1.0" encoding="UTF-8"?>
<!-- Generated by org.testng.reporters.JUnitReportReporter -->
<testsuite hostname="Shivu" failures="0" tests="1" name="demopractice.CreateOrgTest" time="0.026" errors="0" timestamp="2023-01-18T10:06:33 IST" skipped="0">
  <testcase classname="demopractice.CreateOrgTest" name="demoTest1" time="0.026"/>
  <system-out/>
</testsuite> <!-- demopractice.CreateOrgTest -->
