<?xml version="1.0" encoding="UTF-8"?>
<!-- Generated by org.testng.reporters.JUnitReportReporter -->
<testsuite hostname="Shivu" failures="0" tests="1" name="demopractice.CreateContactTest" time="0.037" errors="0" timestamp="2023-01-18T13:36:37 IST" skipped="0">
  <testcase classname="demopractice.CreateContactTest" name="test1" time="0.037"/>
  <system-out/>
</testsuite> <!-- demopractice.CreateContactTest -->
