<?xml version="1.0" encoding="UTF-8"?>
<!-- Generated by org.testng.reporters.JUnitReportReporter -->
<testsuite hostname="Shivu" failures="0" tests="1" name="gitpractice.pushpractice" time="0.026" errors="0" timestamp="2023-01-19T19:51:01 IST" skipped="0">
  <testcase classname="gitpractice.pushpractice" name="pushCode" time="0.026"/>
  <system-out/>
</testsuite> <!-- gitpractice.pushpractice -->
