<?xml version="1.0" encoding="UTF-8"?>
<!-- Generated by org.testng.reporters.JUnitReportReporter -->
<testsuite hostname="Shivu" failures="0" tests="1" name="demopractice.SampleDemo" time="0.046" errors="0" timestamp="2023-01-18T18:46:03 IST" skipped="0">
  <testcase classname="demopractice.SampleDemo" name="sampleTest" time="0.046"/>
  <system-out/>
</testsuite> <!-- demopractice.SampleDemo -->
