<?xml version="1.0" encoding="UTF-8"?>
<!-- Generated by org.testng.reporters.JUnitReportReporter -->
<testsuite hostname="Shivu" failures="0" tests="1" name="samplepractice.AdvanceSelenium" time="0.028" errors="0" timestamp="2023-01-18T19:33:18 IST" skipped="0">
  <testcase classname="samplepractice.AdvanceSelenium" name="test2" time="0.028"/>
  <system-out/>
</testsuite> <!-- samplepractice.AdvanceSelenium -->
