<?xml version="1.0" encoding="UTF-8"?>
<!-- Generated by org.testng.reporters.JUnitReportReporter -->
<testsuite hostname="Shivu" failures="0" tests="1" name="demopractice.CreateContactWithOrg" time="0.056" errors="0" timestamp="2023-01-18T18:34:14 IST" skipped="0">
  <testcase classname="demopractice.CreateContactWithOrg" name="orgName" time="0.056"/>
  <system-out/>
</testsuite> <!-- demopractice.CreateContactWithOrg -->
